<?xml version="1.0" encoding="UTF-8"?>
<!-- Generated by org.testng.reporters.JUnitReportReporter -->
<testsuite hostname="LAPTOP-TPIAJFQ0" failures="0" tests="1" name="com.example.AppTest" time="0.005" errors="0" timestamp="2023-10-14T14:23:46 IST" skipped="0">
  <testcase classname="com.example.AppTest" name="testApp" time="0.005"/>
  <system-out/>
</testsuite> <!-- com.example.AppTest -->
